<?xml version="1.0" encoding="UTF-8"?>
<!-- Generated by org.testng.reporters.JUnitReportReporter -->
<testsuite hostname="DESKTOP-PJTEI91" name="com.qa.testcases.Assignment1Ques4" tests="1" failures="0" timestamp="19 May 2020 17:30:07 GMT" time="24.180" errors="0">
  <testcase name="VerificationDatePickerTest" time="24.180" classname="com.qa.testcases.Assignment1Ques4"/>
</testsuite> <!-- com.qa.testcases.Assignment1Ques4 -->
