<?xml version="1.0" encoding="UTF-8"?>
<!-- Generated by org.testng.reporters.JUnitReportReporter -->
<testsuite hostname="DESKTOP-PJTEI91" name="com.qa.testcases.Assignment1Quest1" tests="1" failures="0" timestamp="20 May 2020 15:45:37 GMT" time="21.685" errors="0">
  <testcase name="VerificationSelectablePage" time="21.685" classname="com.qa.testcases.Assignment1Quest1"/>
</testsuite> <!-- com.qa.testcases.Assignment1Quest1 -->
