<?xml version="1.0" encoding="UTF-8"?>
<!-- Generated by org.testng.reporters.JUnitReportReporter -->
<testsuite hostname="DESKTOP-PJTEI91" name="com.qa.testcases.Assignment1Ques3" tests="1" failures="0" timestamp="8 Jun 2020 17:02:08 GMT" time="19.108" errors="0">
  <testcase name="VerificationDroppableTest" time="19.108" classname="com.qa.testcases.Assignment1Ques3"/>
</testsuite> <!-- com.qa.testcases.Assignment1Ques3 -->
