<?xml version="1.0" encoding="UTF-8"?>
<!-- Generated by org.testng.reporters.JUnitReportReporter -->
<testsuite hostname="DESKTOP-PJTEI91" name="com.qa.testcases.Assignment1Ques5" tests="1" failures="0" timestamp="26 Jun 2020 17:05:46 GMT" time="46.701" errors="0">
  <testcase name="VerificationContactTest" time="46.701" classname="com.qa.testcases.Assignment1Ques5"/>
</testsuite> <!-- com.qa.testcases.Assignment1Ques5 -->
