<?xml version="1.0" encoding="UTF-8"?>
<!-- Generated by org.testng.reporters.JUnitReportReporter -->
<testsuite hostname="DESKTOP-PJTEI91" name="com.qa.testcases.Assignment1Ques2" tests="1" failures="0" timestamp="20 May 2020 16:30:59 GMT" time="69.637" errors="0">
  <testcase name="VerificationContactTest" time="69.637" classname="com.qa.testcases.Assignment1Ques2"/>
</testsuite> <!-- com.qa.testcases.Assignment1Ques2 -->
