<?xml version="1.0" encoding="UTF-8"?>
<!-- Generated by org.testng.reporters.JUnitReportReporter -->
<testsuite hostname="DESKTOP-PJTEI91" name="com.qa.testcases.Assignment1Ques4" tests="1" failures="0" timestamp="26 Jun 2020 06:45:41 GMT" time="20.409" errors="0">
  <testcase name="Dateselecttest" time="20.409" classname="com.qa.testcases.Assignment1Ques4"/>
</testsuite> <!-- com.qa.testcases.Assignment1Ques4 -->
