<?xml version="1.0" encoding="UTF-8"?>
<!-- Generated by org.testng.reporters.JUnitReportReporter -->
<testsuite hostname="DESKTOP-PJTEI91" name="com.qa.testcases.Assignment1Ques3" tests="1" failures="0" timestamp="25 Jun 2020 16:44:50 GMT" time="30.865" errors="0">
  <testcase name="VerificationDroppableTest" time="30.865" classname="com.qa.testcases.Assignment1Ques3"/>
</testsuite> <!-- com.qa.testcases.Assignment1Ques3 -->
