<?xml version="1.0" encoding="UTF-8"?>
<!-- Generated by org.testng.reporters.JUnitReportReporter -->
<testsuite hostname="DESKTOP-PJTEI91" name="com.qa.testcases.Assignment1Ques3" tests="1" failures="0" timestamp="20 May 2020 16:32:22 GMT" time="39.531" errors="0">
  <testcase name="VerificationDroppableTest" time="39.531" classname="com.qa.testcases.Assignment1Ques3"/>
</testsuite> <!-- com.qa.testcases.Assignment1Ques3 -->
